2022-03-25 13:04:05,456 [Worker-2: Loading available Gradle versions] INFO  o.e.b.c.i.u.g.PublishedGradleVersions - Gradle version information cache is up-to-date. Trying to read.
2022-03-25 13:04:37,870 [Worker-16: Importing Maven projects] INFO  o.e.m.c.i.l.LifecycleMappingFactory - Using org.eclipse.m2e.jdt.JarLifecycleMapping lifecycle mapping for MavenProject: com:pensionerDetailsMicroservice:0.0.1-SNAPSHOT @ C:\Users\Sai\Desktop\pms-final\pms-project\backend\pensionerDetailsMicroservice\pom.xml.
2022-03-25 13:04:40,004 [Worker-16: Importing Maven projects] INFO  o.e.m.c.i.l.LifecycleMappingFactory - Using org.eclipse.m2e.jdt.JarLifecycleMapping lifecycle mapping for MavenProject: com.pension.authorization:Authorization-Microservice:0.0.1-SNAPSHOT @ C:\Users\Sai\Desktop\pms-final\pms-project\backend\AuthorizationMicroservice\pom.xml.
2022-03-25 13:04:41,291 [Worker-16: Importing Maven projects] INFO  o.e.m.c.i.l.LifecycleMappingFactory - Using org.eclipse.m2e.jdt.JarLifecycleMapping lifecycle mapping for MavenProject: com:processPensionMicroservice:0.0.1-SNAPSHOT @ C:\Users\Sai\Desktop\pms-final\pms-project\backend\processPensionMicroservice\pom.xml.
2022-03-25 13:04:42,017 [Worker-16: Importing Maven projects] INFO  o.e.m.c.i.l.LifecycleMappingFactory - Using org.eclipse.m2e.jdt.JarLifecycleMapping lifecycle mapping for MavenProject: com:pensionerDisbursementMicroservice:0.0.1-SNAPSHOT @ C:\Users\Sai\Desktop\pms-final\pms-project\backend\pensionerDisbursementMicroservice\pom.xml.
2022-03-25 13:04:48,465 [Worker-16: Importing Maven projects] INFO  o.e.m.j.i.AbstractJavaProjectConfigurator - Adding source folder /pensionerDisbursementMicroservice/src/main/java
2022-03-25 13:04:48,467 [Worker-16: Importing Maven projects] INFO  o.e.m.j.i.AbstractJavaProjectConfigurator - Adding resource folder /pensionerDisbursementMicroservice/src/main/resources
2022-03-25 13:04:48,489 [Worker-16: Importing Maven projects] INFO  o.e.m.j.i.AbstractJavaProjectConfigurator - Adding resource folder /pensionerDisbursementMicroservice/src/main/resources
2022-03-25 13:04:48,511 [Worker-16: Importing Maven projects] INFO  o.e.m.j.i.AbstractJavaProjectConfigurator - Adding source folder /pensionerDisbursementMicroservice/src/test/java
2022-03-25 13:04:49,651 [Worker-16: Importing Maven projects] INFO  o.e.m.j.i.AbstractJavaProjectConfigurator - Adding source folder /processPensionMicroservice/src/main/java
2022-03-25 13:04:49,652 [Worker-16: Importing Maven projects] INFO  o.e.m.j.i.AbstractJavaProjectConfigurator - Adding resource folder /processPensionMicroservice/src/main/resources
2022-03-25 13:04:49,654 [Worker-16: Importing Maven projects] INFO  o.e.m.j.i.AbstractJavaProjectConfigurator - Adding resource folder /processPensionMicroservice/src/main/resources
2022-03-25 13:04:49,657 [Worker-16: Importing Maven projects] INFO  o.e.m.j.i.AbstractJavaProjectConfigurator - Adding source folder /processPensionMicroservice/src/test/java
2022-03-25 13:04:50,589 [Worker-16: Importing Maven projects] INFO  o.e.m.j.i.AbstractJavaProjectConfigurator - Adding source folder /AuthorizationMicroservice/src/main/java
2022-03-25 13:04:50,590 [Worker-16: Importing Maven projects] INFO  o.e.m.j.i.AbstractJavaProjectConfigurator - Adding resource folder /AuthorizationMicroservice/src/main/resources
2022-03-25 13:04:50,592 [Worker-16: Importing Maven projects] INFO  o.e.m.j.i.AbstractJavaProjectConfigurator - Adding resource folder /AuthorizationMicroservice/src/main/resources
2022-03-25 13:04:50,594 [Worker-16: Importing Maven projects] INFO  o.e.m.j.i.AbstractJavaProjectConfigurator - Adding source folder /AuthorizationMicroservice/src/test/java
2022-03-25 13:04:51,287 [Worker-16: Importing Maven projects] INFO  o.e.m.j.i.AbstractJavaProjectConfigurator - Adding source folder /pensionerDetailsMicroservice/src/main/java
2022-03-25 13:04:51,288 [Worker-16: Importing Maven projects] INFO  o.e.m.j.i.AbstractJavaProjectConfigurator - Adding resource folder /pensionerDetailsMicroservice/src/main/resources
2022-03-25 13:04:51,289 [Worker-16: Importing Maven projects] INFO  o.e.m.j.i.AbstractJavaProjectConfigurator - Adding resource folder /pensionerDetailsMicroservice/src/main/resources
2022-03-25 13:04:51,291 [Worker-16: Importing Maven projects] INFO  o.e.m.j.i.AbstractJavaProjectConfigurator - Adding source folder /pensionerDetailsMicroservice/src/test/java
2022-03-25 13:04:52,242 [Worker-16: Importing Maven projects] INFO  o.e.m.c.i.p.ProjectConfigurationManager - Imported and configured 4 project(s) in 21 sec
2022-03-25 13:04:56,771 [Worker-7: Building] INFO  o.e.m.c.i.embedder.EclipseLogger - Using 'UTF-8' encoding to copy filtered resources.
2022-03-25 13:04:56,772 [Worker-7: Building] INFO  o.e.m.c.i.embedder.EclipseLogger - Using 'UTF-8' encoding to copy filtered properties files.
2022-03-25 13:04:56,787 [Worker-7: Building] INFO  o.e.m.c.i.embedder.EclipseLogger - Copying 1 resource
2022-03-25 13:04:56,840 [Worker-7: Building] INFO  o.e.m.c.i.embedder.EclipseLogger - Copying 3 resources
2022-03-25 13:04:56,898 [Worker-7: Building] INFO  o.e.m.c.i.embedder.EclipseLogger - Using 'UTF-8' encoding to copy filtered resources.
2022-03-25 13:04:56,898 [Worker-7: Building] INFO  o.e.m.c.i.embedder.EclipseLogger - Using 'UTF-8' encoding to copy filtered properties files.
2022-03-25 13:04:56,899 [Worker-7: Building] INFO  o.e.m.c.i.embedder.EclipseLogger - skip non existing resourceDirectory C:\Users\Sai\Desktop\pms-final\pms-project\backend\AuthorizationMicroservice\src\test\resources
2022-03-25 13:04:59,293 [Worker-7: Building] INFO  o.e.m.c.i.embedder.EclipseLogger - Using 'UTF-8' encoding to copy filtered resources.
2022-03-25 13:04:59,294 [Worker-7: Building] INFO  o.e.m.c.i.embedder.EclipseLogger - Using 'UTF-8' encoding to copy filtered properties files.
2022-03-25 13:04:59,295 [Worker-7: Building] INFO  o.e.m.c.i.embedder.EclipseLogger - Copying 1 resource
2022-03-25 13:04:59,310 [Worker-7: Building] INFO  o.e.m.c.i.embedder.EclipseLogger - Copying 1 resource
2022-03-25 13:04:59,332 [Worker-7: Building] INFO  o.e.m.c.i.embedder.EclipseLogger - Using 'UTF-8' encoding to copy filtered resources.
2022-03-25 13:04:59,332 [Worker-7: Building] INFO  o.e.m.c.i.embedder.EclipseLogger - Using 'UTF-8' encoding to copy filtered properties files.
2022-03-25 13:04:59,332 [Worker-7: Building] INFO  o.e.m.c.i.embedder.EclipseLogger - skip non existing resourceDirectory C:\Users\Sai\Desktop\pms-final\pms-project\backend\pensionerDetailsMicroservice\src\test\resources
2022-03-25 13:05:01,568 [Worker-7: Building] INFO  o.e.m.c.i.embedder.EclipseLogger - Using 'UTF-8' encoding to copy filtered resources.
2022-03-25 13:05:01,569 [Worker-7: Building] INFO  o.e.m.c.i.embedder.EclipseLogger - Using 'UTF-8' encoding to copy filtered properties files.
2022-03-25 13:05:01,571 [Worker-7: Building] INFO  o.e.m.c.i.embedder.EclipseLogger - Copying 1 resource
2022-03-25 13:05:01,577 [Worker-7: Building] INFO  o.e.m.c.i.embedder.EclipseLogger - Copying 1 resource
2022-03-25 13:05:01,590 [Worker-7: Building] INFO  o.e.m.c.i.embedder.EclipseLogger - Using 'UTF-8' encoding to copy filtered resources.
2022-03-25 13:05:01,590 [Worker-7: Building] INFO  o.e.m.c.i.embedder.EclipseLogger - Using 'UTF-8' encoding to copy filtered properties files.
2022-03-25 13:05:01,591 [Worker-7: Building] INFO  o.e.m.c.i.embedder.EclipseLogger - skip non existing resourceDirectory C:\Users\Sai\Desktop\pms-final\pms-project\backend\pensionerDisbursementMicroservice\src\test\resources
2022-03-25 13:05:03,864 [Worker-7: Building] INFO  o.e.m.c.i.embedder.EclipseLogger - Using 'UTF-8' encoding to copy filtered resources.
2022-03-25 13:05:03,865 [Worker-7: Building] INFO  o.e.m.c.i.embedder.EclipseLogger - Using 'UTF-8' encoding to copy filtered properties files.
2022-03-25 13:05:03,866 [Worker-7: Building] INFO  o.e.m.c.i.embedder.EclipseLogger - Copying 1 resource
2022-03-25 13:05:03,872 [Worker-7: Building] INFO  o.e.m.c.i.embedder.EclipseLogger - Copying 1 resource
2022-03-25 13:05:03,884 [Worker-7: Building] INFO  o.e.m.c.i.embedder.EclipseLogger - Using 'UTF-8' encoding to copy filtered resources.
2022-03-25 13:05:03,885 [Worker-7: Building] INFO  o.e.m.c.i.embedder.EclipseLogger - Using 'UTF-8' encoding to copy filtered properties files.
2022-03-25 13:05:03,885 [Worker-7: Building] INFO  o.e.m.c.i.embedder.EclipseLogger - skip non existing resourceDirectory C:\Users\Sai\Desktop\pms-final\pms-project\backend\processPensionMicroservice\src\test\resources
2022-03-25 13:05:10,185 [Worker-13: Building] INFO  o.e.m.c.i.embedder.EclipseLogger - Using 'UTF-8' encoding to copy filtered resources.
2022-03-25 13:05:10,186 [Worker-13: Building] INFO  o.e.m.c.i.embedder.EclipseLogger - Using 'UTF-8' encoding to copy filtered properties files.
2022-03-25 13:05:10,189 [Worker-13: Building] INFO  o.e.m.c.i.embedder.EclipseLogger - Copying 0 resource
2022-03-25 13:05:10,190 [Worker-13: Building] INFO  o.e.m.c.i.embedder.EclipseLogger - Copying 0 resource
2022-03-25 13:05:10,207 [Worker-13: Building] INFO  o.e.m.c.i.embedder.EclipseLogger - Using 'UTF-8' encoding to copy filtered resources.
2022-03-25 13:05:10,208 [Worker-13: Building] INFO  o.e.m.c.i.embedder.EclipseLogger - Using 'UTF-8' encoding to copy filtered properties files.
2022-03-25 13:05:10,209 [Worker-13: Building] INFO  o.e.m.c.i.embedder.EclipseLogger - skip non existing resourceDirectory C:\Users\Sai\Desktop\pms-final\pms-project\backend\AuthorizationMicroservice\src\test\resources
2022-03-25 13:05:10,259 [Worker-13: Building] INFO  o.e.m.c.i.embedder.EclipseLogger - Using 'UTF-8' encoding to copy filtered resources.
2022-03-25 13:05:10,259 [Worker-13: Building] INFO  o.e.m.c.i.embedder.EclipseLogger - Using 'UTF-8' encoding to copy filtered properties files.
2022-03-25 13:05:10,259 [Worker-13: Building] INFO  o.e.m.c.i.embedder.EclipseLogger - Copying 0 resource
2022-03-25 13:05:10,260 [Worker-13: Building] INFO  o.e.m.c.i.embedder.EclipseLogger - Copying 0 resource
2022-03-25 13:05:10,265 [Worker-13: Building] INFO  o.e.m.c.i.embedder.EclipseLogger - Using 'UTF-8' encoding to copy filtered resources.
2022-03-25 13:05:10,265 [Worker-13: Building] INFO  o.e.m.c.i.embedder.EclipseLogger - Using 'UTF-8' encoding to copy filtered properties files.
2022-03-25 13:05:10,265 [Worker-13: Building] INFO  o.e.m.c.i.embedder.EclipseLogger - skip non existing resourceDirectory C:\Users\Sai\Desktop\pms-final\pms-project\backend\pensionerDetailsMicroservice\src\test\resources
2022-03-25 13:05:10,320 [Worker-13: Building] INFO  o.e.m.c.i.embedder.EclipseLogger - Using 'UTF-8' encoding to copy filtered resources.
2022-03-25 13:05:10,320 [Worker-13: Building] INFO  o.e.m.c.i.embedder.EclipseLogger - Using 'UTF-8' encoding to copy filtered properties files.
2022-03-25 13:05:10,322 [Worker-13: Building] INFO  o.e.m.c.i.embedder.EclipseLogger - Copying 0 resource
2022-03-25 13:05:10,323 [Worker-13: Building] INFO  o.e.m.c.i.embedder.EclipseLogger - Copying 0 resource
2022-03-25 13:05:10,328 [Worker-13: Building] INFO  o.e.m.c.i.embedder.EclipseLogger - Using 'UTF-8' encoding to copy filtered resources.
2022-03-25 13:05:10,329 [Worker-13: Building] INFO  o.e.m.c.i.embedder.EclipseLogger - Using 'UTF-8' encoding to copy filtered properties files.
2022-03-25 13:05:10,329 [Worker-13: Building] INFO  o.e.m.c.i.embedder.EclipseLogger - skip non existing resourceDirectory C:\Users\Sai\Desktop\pms-final\pms-project\backend\pensionerDisbursementMicroservice\src\test\resources
2022-03-25 13:05:10,381 [Worker-13: Building] INFO  o.e.m.c.i.embedder.EclipseLogger - Using 'UTF-8' encoding to copy filtered resources.
2022-03-25 13:05:10,381 [Worker-13: Building] INFO  o.e.m.c.i.embedder.EclipseLogger - Using 'UTF-8' encoding to copy filtered properties files.
2022-03-25 13:05:10,381 [Worker-13: Building] INFO  o.e.m.c.i.embedder.EclipseLogger - Copying 0 resource
2022-03-25 13:05:10,382 [Worker-13: Building] INFO  o.e.m.c.i.embedder.EclipseLogger - Copying 0 resource
2022-03-25 13:05:10,393 [Worker-13: Building] INFO  o.e.m.c.i.embedder.EclipseLogger - Using 'UTF-8' encoding to copy filtered resources.
2022-03-25 13:05:10,393 [Worker-13: Building] INFO  o.e.m.c.i.embedder.EclipseLogger - Using 'UTF-8' encoding to copy filtered properties files.
2022-03-25 13:05:10,393 [Worker-13: Building] INFO  o.e.m.c.i.embedder.EclipseLogger - skip non existing resourceDirectory C:\Users\Sai\Desktop\pms-final\pms-project\backend\processPensionMicroservice\src\test\resources
2022-03-25 13:07:01,721 [Worker-19: Launching PensionerDetailsMicroserviceApplication] INFO  o.e.m.c.i.l.LifecycleMappingFactory - Using org.eclipse.m2e.jdt.JarLifecycleMapping lifecycle mapping for MavenProject: com:pensionerDetailsMicroservice:0.0.1-SNAPSHOT @ C:\Users\Sai\Desktop\pms-final\pms-project\backend\pensionerDetailsMicroservice\pom.xml.
2022-03-25 13:07:03,045 [Worker-19: Launching PensionerDetailsMicroserviceApplication] INFO  o.e.m.c.i.embedder.EclipseLogger - Using 'UTF-8' encoding to copy filtered resources.
2022-03-25 13:07:03,046 [Worker-19: Launching PensionerDetailsMicroserviceApplication] INFO  o.e.m.c.i.embedder.EclipseLogger - Using 'UTF-8' encoding to copy filtered properties files.
2022-03-25 13:07:03,051 [Worker-19: Launching PensionerDetailsMicroserviceApplication] INFO  o.e.m.c.i.embedder.EclipseLogger - Copying 1 resource
2022-03-25 13:07:03,072 [Worker-19: Launching PensionerDetailsMicroserviceApplication] INFO  o.e.m.c.i.embedder.EclipseLogger - Copying 1 resource
2022-03-25 13:07:03,080 [Worker-19: Launching PensionerDetailsMicroserviceApplication] INFO  o.e.m.c.i.embedder.EclipseLogger - Using 'UTF-8' encoding to copy filtered resources.
2022-03-25 13:07:03,080 [Worker-19: Launching PensionerDetailsMicroserviceApplication] INFO  o.e.m.c.i.embedder.EclipseLogger - Using 'UTF-8' encoding to copy filtered properties files.
2022-03-25 13:07:03,081 [Worker-19: Launching PensionerDetailsMicroserviceApplication] INFO  o.e.m.c.i.embedder.EclipseLogger - skip non existing resourceDirectory C:\Users\Sai\Desktop\pms-final\pms-project\backend\pensionerDetailsMicroservice\src\test\resources
2022-03-25 13:07:04,331 [Worker-20: Building] INFO  o.e.m.c.i.embedder.EclipseLogger - Using 'UTF-8' encoding to copy filtered resources.
2022-03-25 13:07:04,332 [Worker-20: Building] INFO  o.e.m.c.i.embedder.EclipseLogger - Using 'UTF-8' encoding to copy filtered properties files.
2022-03-25 13:07:04,334 [Worker-20: Building] INFO  o.e.m.c.i.embedder.EclipseLogger - Copying 1 resource
2022-03-25 13:07:04,342 [Worker-20: Building] INFO  o.e.m.c.i.embedder.EclipseLogger - Copying 1 resource
2022-03-25 13:07:04,391 [Worker-20: Building] INFO  o.e.m.c.i.embedder.EclipseLogger - Using 'UTF-8' encoding to copy filtered resources.
2022-03-25 13:07:04,415 [Worker-20: Building] INFO  o.e.m.c.i.embedder.EclipseLogger - Using 'UTF-8' encoding to copy filtered properties files.
2022-03-25 13:07:04,417 [Worker-20: Building] INFO  o.e.m.c.i.embedder.EclipseLogger - skip non existing resourceDirectory C:\Users\Sai\Desktop\pms-final\pms-project\backend\pensionerDetailsMicroservice\src\test\resources
2022-03-25 13:08:50,228 [Worker-20: Building] INFO  o.e.m.c.i.embedder.EclipseLogger - Using 'UTF-8' encoding to copy filtered resources.
2022-03-25 13:08:50,230 [Worker-20: Building] INFO  o.e.m.c.i.embedder.EclipseLogger - Using 'UTF-8' encoding to copy filtered properties files.
2022-03-25 13:08:50,230 [Worker-20: Building] INFO  o.e.m.c.i.embedder.EclipseLogger - Copying 0 resource
2022-03-25 13:08:50,231 [Worker-20: Building] INFO  o.e.m.c.i.embedder.EclipseLogger - Copying 0 resource
2022-03-25 13:08:50,234 [Worker-20: Building] INFO  o.e.m.c.i.embedder.EclipseLogger - Using 'UTF-8' encoding to copy filtered resources.
2022-03-25 13:08:50,234 [Worker-20: Building] INFO  o.e.m.c.i.embedder.EclipseLogger - Using 'UTF-8' encoding to copy filtered properties files.
2022-03-25 13:08:50,234 [Worker-20: Building] INFO  o.e.m.c.i.embedder.EclipseLogger - skip non existing resourceDirectory C:\Users\Sai\Desktop\pms-final\pms-project\backend\pensionerDetailsMicroservice\src\test\resources
2022-03-25 13:57:58,089 [Worker-29: Launching PensionerDisbursmentMicroserviceApplication] INFO  o.e.m.c.i.l.LifecycleMappingFactory - Using org.eclipse.m2e.jdt.JarLifecycleMapping lifecycle mapping for MavenProject: com:pensionerDisbursementMicroservice:0.0.1-SNAPSHOT @ C:\Users\Sai\Desktop\pms-final\pms-project\backend\pensionerDisbursementMicroservice\pom.xml.
2022-03-25 13:57:59,515 [Worker-29: Launching PensionerDisbursmentMicroserviceApplication] INFO  o.e.m.c.i.embedder.EclipseLogger - Using 'UTF-8' encoding to copy filtered resources.
2022-03-25 13:57:59,516 [Worker-29: Launching PensionerDisbursmentMicroserviceApplication] INFO  o.e.m.c.i.embedder.EclipseLogger - Using 'UTF-8' encoding to copy filtered properties files.
2022-03-25 13:57:59,519 [Worker-29: Launching PensionerDisbursmentMicroserviceApplication] INFO  o.e.m.c.i.embedder.EclipseLogger - Copying 1 resource
2022-03-25 13:57:59,806 [Worker-29: Launching PensionerDisbursmentMicroserviceApplication] INFO  o.e.m.c.i.embedder.EclipseLogger - Copying 1 resource
2022-03-25 13:57:59,813 [Worker-29: Launching PensionerDisbursmentMicroserviceApplication] INFO  o.e.m.c.i.embedder.EclipseLogger - Using 'UTF-8' encoding to copy filtered resources.
2022-03-25 13:57:59,814 [Worker-29: Launching PensionerDisbursmentMicroserviceApplication] INFO  o.e.m.c.i.embedder.EclipseLogger - Using 'UTF-8' encoding to copy filtered properties files.
2022-03-25 13:57:59,814 [Worker-29: Launching PensionerDisbursmentMicroserviceApplication] INFO  o.e.m.c.i.embedder.EclipseLogger - skip non existing resourceDirectory C:\Users\Sai\Desktop\pms-final\pms-project\backend\pensionerDisbursementMicroservice\src\test\resources
2022-03-25 13:58:00,245 [Worker-30: Building] INFO  o.e.m.c.i.embedder.EclipseLogger - Using 'UTF-8' encoding to copy filtered resources.
2022-03-25 13:58:00,245 [Worker-30: Building] INFO  o.e.m.c.i.embedder.EclipseLogger - Using 'UTF-8' encoding to copy filtered properties files.
2022-03-25 13:58:00,246 [Worker-30: Building] INFO  o.e.m.c.i.embedder.EclipseLogger - Copying 0 resource
2022-03-25 13:58:00,247 [Worker-30: Building] INFO  o.e.m.c.i.embedder.EclipseLogger - Copying 0 resource
2022-03-25 13:58:00,252 [Worker-30: Building] INFO  o.e.m.c.i.embedder.EclipseLogger - Using 'UTF-8' encoding to copy filtered resources.
2022-03-25 13:58:00,252 [Worker-30: Building] INFO  o.e.m.c.i.embedder.EclipseLogger - Using 'UTF-8' encoding to copy filtered properties files.
2022-03-25 13:58:00,252 [Worker-30: Building] INFO  o.e.m.c.i.embedder.EclipseLogger - skip non existing resourceDirectory C:\Users\Sai\Desktop\pms-final\pms-project\backend\pensionerDetailsMicroservice\src\test\resources
2022-03-25 13:58:01,211 [Worker-30: Building] INFO  o.e.m.c.i.embedder.EclipseLogger - Using 'UTF-8' encoding to copy filtered resources.
2022-03-25 13:58:01,211 [Worker-30: Building] INFO  o.e.m.c.i.embedder.EclipseLogger - Using 'UTF-8' encoding to copy filtered properties files.
2022-03-25 13:58:01,213 [Worker-30: Building] INFO  o.e.m.c.i.embedder.EclipseLogger - Copying 1 resource
2022-03-25 13:58:01,219 [Worker-30: Building] INFO  o.e.m.c.i.embedder.EclipseLogger - Copying 1 resource
2022-03-25 13:58:01,247 [Worker-30: Building] INFO  o.e.m.c.i.embedder.EclipseLogger - Using 'UTF-8' encoding to copy filtered resources.
2022-03-25 13:58:01,248 [Worker-30: Building] INFO  o.e.m.c.i.embedder.EclipseLogger - Using 'UTF-8' encoding to copy filtered properties files.
2022-03-25 13:58:01,248 [Worker-30: Building] INFO  o.e.m.c.i.embedder.EclipseLogger - skip non existing resourceDirectory C:\Users\Sai\Desktop\pms-final\pms-project\backend\pensionerDisbursementMicroservice\src\test\resources
2022-03-25 14:01:35,206 [Worker-32: Building] INFO  o.e.m.c.i.l.LifecycleMappingFactory - Using org.eclipse.m2e.jdt.JarLifecycleMapping lifecycle mapping for MavenProject: com:pensionerDisbursementMicroservice:0.0.1-SNAPSHOT @ C:\Users\Sai\Desktop\pms-final\pms-project\backend\pensionerDisbursementMicroservice\pom.xml.
2022-03-25 14:01:36,743 [Worker-32: Building] INFO  o.e.m.c.i.embedder.EclipseLogger - Using 'UTF-8' encoding to copy filtered resources.
2022-03-25 14:01:36,744 [Worker-32: Building] INFO  o.e.m.c.i.embedder.EclipseLogger - Using 'UTF-8' encoding to copy filtered properties files.
2022-03-25 14:01:36,748 [Worker-32: Building] INFO  o.e.m.c.i.embedder.EclipseLogger - Copying 1 resource
2022-03-25 14:01:36,848 [Worker-32: Building] INFO  o.e.m.c.i.embedder.EclipseLogger - Copying 1 resource
2022-03-25 14:01:36,856 [Worker-32: Building] INFO  o.e.m.c.i.embedder.EclipseLogger - Using 'UTF-8' encoding to copy filtered resources.
2022-03-25 14:01:36,857 [Worker-32: Building] INFO  o.e.m.c.i.embedder.EclipseLogger - Using 'UTF-8' encoding to copy filtered properties files.
2022-03-25 14:01:36,858 [Worker-32: Building] INFO  o.e.m.c.i.embedder.EclipseLogger - skip non existing resourceDirectory C:\Users\Sai\Desktop\pms-final\pms-project\backend\pensionerDisbursementMicroservice\src\test\resources
2022-03-25 14:01:38,992 [Worker-32: Building] INFO  o.e.m.c.i.embedder.EclipseLogger - Using 'UTF-8' encoding to copy filtered resources.
2022-03-25 14:01:38,994 [Worker-32: Building] INFO  o.e.m.c.i.embedder.EclipseLogger - Using 'UTF-8' encoding to copy filtered properties files.
2022-03-25 14:01:38,999 [Worker-32: Building] INFO  o.e.m.c.i.embedder.EclipseLogger - Copying 1 resource
2022-03-25 14:01:39,005 [Worker-32: Building] INFO  o.e.m.c.i.embedder.EclipseLogger - Copying 1 resource
2022-03-25 14:01:39,021 [Worker-32: Building] INFO  o.e.m.c.i.embedder.EclipseLogger - Using 'UTF-8' encoding to copy filtered resources.
2022-03-25 14:01:39,021 [Worker-32: Building] INFO  o.e.m.c.i.embedder.EclipseLogger - Using 'UTF-8' encoding to copy filtered properties files.
2022-03-25 14:01:39,022 [Worker-32: Building] INFO  o.e.m.c.i.embedder.EclipseLogger - skip non existing resourceDirectory C:\Users\Sai\Desktop\pms-final\pms-project\backend\pensionerDisbursementMicroservice\src\test\resources
2022-03-25 14:05:54,623 [Worker-34: Launching ProcessPensionMicroserviceApplication] INFO  o.e.m.c.i.l.LifecycleMappingFactory - Using org.eclipse.m2e.jdt.JarLifecycleMapping lifecycle mapping for MavenProject: com:processPensionMicroservice:0.0.1-SNAPSHOT @ C:\Users\Sai\Desktop\pms-final\pms-project\backend\processPensionMicroservice\pom.xml.
2022-03-25 14:05:55,743 [Worker-34: Launching ProcessPensionMicroserviceApplication] INFO  o.e.m.c.i.embedder.EclipseLogger - Using 'UTF-8' encoding to copy filtered resources.
2022-03-25 14:05:55,744 [Worker-34: Launching ProcessPensionMicroserviceApplication] INFO  o.e.m.c.i.embedder.EclipseLogger - Using 'UTF-8' encoding to copy filtered properties files.
2022-03-25 14:05:55,747 [Worker-34: Launching ProcessPensionMicroserviceApplication] INFO  o.e.m.c.i.embedder.EclipseLogger - Copying 1 resource
2022-03-25 14:05:55,891 [Worker-34: Launching ProcessPensionMicroserviceApplication] INFO  o.e.m.c.i.embedder.EclipseLogger - Copying 1 resource
2022-03-25 14:05:55,899 [Worker-34: Launching ProcessPensionMicroserviceApplication] INFO  o.e.m.c.i.embedder.EclipseLogger - Using 'UTF-8' encoding to copy filtered resources.
2022-03-25 14:05:55,899 [Worker-34: Launching ProcessPensionMicroserviceApplication] INFO  o.e.m.c.i.embedder.EclipseLogger - Using 'UTF-8' encoding to copy filtered properties files.
2022-03-25 14:05:55,900 [Worker-34: Launching ProcessPensionMicroserviceApplication] INFO  o.e.m.c.i.embedder.EclipseLogger - skip non existing resourceDirectory C:\Users\Sai\Desktop\pms-final\pms-project\backend\processPensionMicroservice\src\test\resources
2022-03-25 14:05:57,433 [Worker-35: Building] INFO  o.e.m.c.i.embedder.EclipseLogger - Using 'UTF-8' encoding to copy filtered resources.
2022-03-25 14:05:57,434 [Worker-35: Building] INFO  o.e.m.c.i.embedder.EclipseLogger - Using 'UTF-8' encoding to copy filtered properties files.
2022-03-25 14:05:57,436 [Worker-35: Building] INFO  o.e.m.c.i.embedder.EclipseLogger - Copying 1 resource
2022-03-25 14:05:57,445 [Worker-35: Building] INFO  o.e.m.c.i.embedder.EclipseLogger - Copying 1 resource
2022-03-25 14:05:57,457 [Worker-35: Building] INFO  o.e.m.c.i.embedder.EclipseLogger - Using 'UTF-8' encoding to copy filtered resources.
2022-03-25 14:05:57,458 [Worker-35: Building] INFO  o.e.m.c.i.embedder.EclipseLogger - Using 'UTF-8' encoding to copy filtered properties files.
2022-03-25 14:05:57,458 [Worker-35: Building] INFO  o.e.m.c.i.embedder.EclipseLogger - skip non existing resourceDirectory C:\Users\Sai\Desktop\pms-final\pms-project\backend\processPensionMicroservice\src\test\resources
2022-03-25 14:06:40,831 [Worker-34: Building] INFO  o.e.m.c.i.l.LifecycleMappingFactory - Using org.eclipse.m2e.jdt.JarLifecycleMapping lifecycle mapping for MavenProject: com:processPensionMicroservice:0.0.1-SNAPSHOT @ C:\Users\Sai\Desktop\pms-final\pms-project\backend\processPensionMicroservice\pom.xml.
2022-03-25 14:06:41,926 [Worker-34: Building] INFO  o.e.m.c.i.embedder.EclipseLogger - Using 'UTF-8' encoding to copy filtered resources.
2022-03-25 14:06:41,927 [Worker-34: Building] INFO  o.e.m.c.i.embedder.EclipseLogger - Using 'UTF-8' encoding to copy filtered properties files.
2022-03-25 14:06:41,927 [Worker-34: Building] INFO  o.e.m.c.i.embedder.EclipseLogger - Copying 0 resource
2022-03-25 14:06:41,928 [Worker-34: Building] INFO  o.e.m.c.i.embedder.EclipseLogger - Copying 0 resource
2022-03-25 14:06:41,932 [Worker-34: Building] INFO  o.e.m.c.i.embedder.EclipseLogger - Using 'UTF-8' encoding to copy filtered resources.
2022-03-25 14:06:41,932 [Worker-34: Building] INFO  o.e.m.c.i.embedder.EclipseLogger - Using 'UTF-8' encoding to copy filtered properties files.
2022-03-25 14:06:41,932 [Worker-34: Building] INFO  o.e.m.c.i.embedder.EclipseLogger - skip non existing resourceDirectory C:\Users\Sai\Desktop\pms-final\pms-project\backend\processPensionMicroservice\src\test\resources
2022-03-25 14:06:44,863 [Worker-32: Building] INFO  o.e.m.c.i.embedder.EclipseLogger - Using 'UTF-8' encoding to copy filtered resources.
2022-03-25 14:06:44,863 [Worker-32: Building] INFO  o.e.m.c.i.embedder.EclipseLogger - Using 'UTF-8' encoding to copy filtered properties files.
2022-03-25 14:06:44,866 [Worker-32: Building] INFO  o.e.m.c.i.embedder.EclipseLogger - Copying 1 resource
2022-03-25 14:06:44,872 [Worker-32: Building] INFO  o.e.m.c.i.embedder.EclipseLogger - Copying 1 resource
2022-03-25 14:06:44,884 [Worker-32: Building] INFO  o.e.m.c.i.embedder.EclipseLogger - Using 'UTF-8' encoding to copy filtered resources.
2022-03-25 14:06:44,884 [Worker-32: Building] INFO  o.e.m.c.i.embedder.EclipseLogger - Using 'UTF-8' encoding to copy filtered properties files.
2022-03-25 14:06:44,884 [Worker-32: Building] INFO  o.e.m.c.i.embedder.EclipseLogger - skip non existing resourceDirectory C:\Users\Sai\Desktop\pms-final\pms-project\backend\processPensionMicroservice\src\test\resources
2022-03-25 15:18:47,371 [Worker-41: Launching PensionerDetailsMicroserviceApplication] INFO  o.e.m.c.i.embedder.EclipseLogger - Using 'UTF-8' encoding to copy filtered resources.
2022-03-25 15:18:47,372 [Worker-41: Launching PensionerDetailsMicroserviceApplication] INFO  o.e.m.c.i.embedder.EclipseLogger - Using 'UTF-8' encoding to copy filtered properties files.
2022-03-25 15:18:47,374 [Worker-41: Launching PensionerDetailsMicroserviceApplication] INFO  o.e.m.c.i.embedder.EclipseLogger - Copying 1 resource
2022-03-25 15:18:47,524 [Worker-41: Launching PensionerDetailsMicroserviceApplication] INFO  o.e.m.c.i.embedder.EclipseLogger - Copying 1 resource
2022-03-25 15:18:47,528 [Worker-41: Launching PensionerDetailsMicroserviceApplication] INFO  o.e.m.c.i.embedder.EclipseLogger - Using 'UTF-8' encoding to copy filtered resources.
2022-03-25 15:18:47,528 [Worker-41: Launching PensionerDetailsMicroserviceApplication] INFO  o.e.m.c.i.embedder.EclipseLogger - Using 'UTF-8' encoding to copy filtered properties files.
2022-03-25 15:18:47,528 [Worker-41: Launching PensionerDetailsMicroserviceApplication] INFO  o.e.m.c.i.embedder.EclipseLogger - skip non existing resourceDirectory C:\Users\Sai\Desktop\pms-final\pms-project\backend\pensionerDetailsMicroservice\src\test\resources
2022-03-25 15:18:47,707 [Worker-42: Building] INFO  o.e.m.c.i.embedder.EclipseLogger - Using 'UTF-8' encoding to copy filtered resources.
2022-03-25 15:18:47,707 [Worker-42: Building] INFO  o.e.m.c.i.embedder.EclipseLogger - Using 'UTF-8' encoding to copy filtered properties files.
2022-03-25 15:18:47,709 [Worker-42: Building] INFO  o.e.m.c.i.embedder.EclipseLogger - Copying 1 resource
2022-03-25 15:18:47,876 [Worker-42: Building] INFO  o.e.m.c.i.embedder.EclipseLogger - Copying 1 resource
2022-03-25 15:18:47,881 [Worker-42: Building] INFO  o.e.m.c.i.embedder.EclipseLogger - Using 'UTF-8' encoding to copy filtered resources.
2022-03-25 15:18:47,882 [Worker-42: Building] INFO  o.e.m.c.i.embedder.EclipseLogger - Using 'UTF-8' encoding to copy filtered properties files.
2022-03-25 15:18:47,882 [Worker-42: Building] INFO  o.e.m.c.i.embedder.EclipseLogger - skip non existing resourceDirectory C:\Users\Sai\Desktop\pms-final\pms-project\backend\pensionerDetailsMicroservice\src\test\resources
2022-03-25 15:19:56,872 [Worker-38: Launching PensionerDetailsMicroserviceApplication] INFO  o.e.m.c.i.embedder.EclipseLogger - Using 'UTF-8' encoding to copy filtered resources.
2022-03-25 15:19:56,873 [Worker-38: Launching PensionerDetailsMicroserviceApplication] INFO  o.e.m.c.i.embedder.EclipseLogger - Using 'UTF-8' encoding to copy filtered properties files.
2022-03-25 15:19:56,874 [Worker-38: Launching PensionerDetailsMicroserviceApplication] INFO  o.e.m.c.i.embedder.EclipseLogger - Copying 1 resource
2022-03-25 15:19:56,884 [Worker-38: Launching PensionerDetailsMicroserviceApplication] INFO  o.e.m.c.i.embedder.EclipseLogger - Copying 1 resource
2022-03-25 15:19:56,887 [Worker-38: Launching PensionerDetailsMicroserviceApplication] INFO  o.e.m.c.i.embedder.EclipseLogger - Using 'UTF-8' encoding to copy filtered resources.
2022-03-25 15:19:56,887 [Worker-38: Launching PensionerDetailsMicroserviceApplication] INFO  o.e.m.c.i.embedder.EclipseLogger - Using 'UTF-8' encoding to copy filtered properties files.
2022-03-25 15:19:56,887 [Worker-38: Launching PensionerDetailsMicroserviceApplication] INFO  o.e.m.c.i.embedder.EclipseLogger - skip non existing resourceDirectory C:\Users\Sai\Desktop\pms-final\pms-project\backend\pensionerDetailsMicroservice\src\test\resources
2022-03-25 15:21:26,356 [Worker-4: Loading available Gradle versions] INFO  o.e.b.c.i.u.g.PublishedGradleVersions - Gradle version information cache is out-of-date. Trying to update.
2022-03-25 15:22:44,954 [Worker-4: Launching PensionerDetailsMicroserviceApplication] INFO  o.e.m.c.i.embedder.EclipseLogger - Using 'UTF-8' encoding to copy filtered resources.
2022-03-25 15:22:44,957 [Worker-4: Launching PensionerDetailsMicroserviceApplication] INFO  o.e.m.c.i.embedder.EclipseLogger - Using 'UTF-8' encoding to copy filtered properties files.
2022-03-25 15:22:44,970 [Worker-4: Launching PensionerDetailsMicroserviceApplication] INFO  o.e.m.c.i.embedder.EclipseLogger - Copying 1 resource
2022-03-25 15:22:45,021 [Worker-4: Launching PensionerDetailsMicroserviceApplication] INFO  o.e.m.c.i.embedder.EclipseLogger - Copying 1 resource
2022-03-25 15:22:45,029 [Worker-4: Launching PensionerDetailsMicroserviceApplication] INFO  o.e.m.c.i.embedder.EclipseLogger - Using 'UTF-8' encoding to copy filtered resources.
2022-03-25 15:22:45,029 [Worker-4: Launching PensionerDetailsMicroserviceApplication] INFO  o.e.m.c.i.embedder.EclipseLogger - Using 'UTF-8' encoding to copy filtered properties files.
2022-03-25 15:22:45,030 [Worker-4: Launching PensionerDetailsMicroserviceApplication] INFO  o.e.m.c.i.embedder.EclipseLogger - skip non existing resourceDirectory C:\Users\Sai\Desktop\pms-final\pms-project\backend\pensionerDetailsMicroservice\src\test\resources
2022-03-25 15:24:36,058 [Worker-15: Launching PensionerDetailsMicroserviceApplication] INFO  o.e.m.c.i.embedder.EclipseLogger - Using 'UTF-8' encoding to copy filtered resources.
2022-03-25 15:24:36,059 [Worker-15: Launching PensionerDetailsMicroserviceApplication] INFO  o.e.m.c.i.embedder.EclipseLogger - Using 'UTF-8' encoding to copy filtered properties files.
2022-03-25 15:24:36,067 [Worker-15: Launching PensionerDetailsMicroserviceApplication] INFO  o.e.m.c.i.embedder.EclipseLogger - Copying 1 resource
2022-03-25 15:24:36,083 [Worker-15: Launching PensionerDetailsMicroserviceApplication] INFO  o.e.m.c.i.embedder.EclipseLogger - Copying 1 resource
2022-03-25 15:24:36,091 [Worker-15: Launching PensionerDetailsMicroserviceApplication] INFO  o.e.m.c.i.embedder.EclipseLogger - Using 'UTF-8' encoding to copy filtered resources.
2022-03-25 15:24:36,091 [Worker-15: Launching PensionerDetailsMicroserviceApplication] INFO  o.e.m.c.i.embedder.EclipseLogger - Using 'UTF-8' encoding to copy filtered properties files.
2022-03-25 15:24:36,092 [Worker-15: Launching PensionerDetailsMicroserviceApplication] INFO  o.e.m.c.i.embedder.EclipseLogger - skip non existing resourceDirectory C:\Users\Sai\Desktop\pms-final\pms-project\backend\pensionerDetailsMicroservice\src\test\resources
2022-03-25 15:25:25,745 [Worker-15: Building] INFO  o.e.m.c.i.embedder.EclipseLogger - Using 'UTF-8' encoding to copy filtered resources.
2022-03-25 15:25:25,746 [Worker-15: Building] INFO  o.e.m.c.i.embedder.EclipseLogger - Using 'UTF-8' encoding to copy filtered properties files.
2022-03-25 15:25:25,748 [Worker-15: Building] INFO  o.e.m.c.i.embedder.EclipseLogger - Copying 1 resource
2022-03-25 15:25:25,759 [Worker-15: Building] INFO  o.e.m.c.i.embedder.EclipseLogger - Copying 1 resource
2022-03-25 15:25:25,763 [Worker-15: Building] INFO  o.e.m.c.i.embedder.EclipseLogger - Using 'UTF-8' encoding to copy filtered resources.
2022-03-25 15:25:25,764 [Worker-15: Building] INFO  o.e.m.c.i.embedder.EclipseLogger - Using 'UTF-8' encoding to copy filtered properties files.
2022-03-25 15:25:25,764 [Worker-15: Building] INFO  o.e.m.c.i.embedder.EclipseLogger - skip non existing resourceDirectory C:\Users\Sai\Desktop\pms-final\pms-project\backend\pensionerDetailsMicroservice\src\test\resources
2022-03-25 15:25:51,116 [Worker-4: Loading available Gradle versions] INFO  o.e.b.c.i.u.g.PublishedGradleVersions - Gradle version information cache is up-to-date. Trying to read.
2022-03-25 15:34:26,974 [Worker-13: Launching PensionerDetailsMicroserviceApplication] INFO  o.e.m.c.i.embedder.EclipseLogger - Using 'UTF-8' encoding to copy filtered resources.
2022-03-25 15:34:26,977 [Worker-13: Launching PensionerDetailsMicroserviceApplication] INFO  o.e.m.c.i.embedder.EclipseLogger - Using 'UTF-8' encoding to copy filtered properties files.
2022-03-25 15:34:26,986 [Worker-13: Launching PensionerDetailsMicroserviceApplication] INFO  o.e.m.c.i.embedder.EclipseLogger - Copying 1 resource
2022-03-25 15:34:27,020 [Worker-13: Launching PensionerDetailsMicroserviceApplication] INFO  o.e.m.c.i.embedder.EclipseLogger - Copying 1 resource
2022-03-25 15:34:27,028 [Worker-13: Launching PensionerDetailsMicroserviceApplication] INFO  o.e.m.c.i.embedder.EclipseLogger - Using 'UTF-8' encoding to copy filtered resources.
2022-03-25 15:34:27,028 [Worker-13: Launching PensionerDetailsMicroserviceApplication] INFO  o.e.m.c.i.embedder.EclipseLogger - Using 'UTF-8' encoding to copy filtered properties files.
2022-03-25 15:34:27,028 [Worker-13: Launching PensionerDetailsMicroserviceApplication] INFO  o.e.m.c.i.embedder.EclipseLogger - skip non existing resourceDirectory C:\Users\Sai\Desktop\pms-final\pms-project\backend\pensionerDetailsMicroservice\src\test\resources
2022-03-25 15:35:04,337 [Worker-2: Updating Maven Dependencies] ERROR o.e.m.j.i.l.MavenLaunchConfigurationListener - Launch configuration PensionerDetailsMicroserviceApplication references non-existing project pensionerDetailsMicroservice.
org.eclipse.core.runtime.CoreException: Launch configuration PensionerDetailsMicroserviceApplication references non-existing project pensionerDetailsMicroservice.
	at org.eclipse.jdt.launching.JavaRuntime.abort(JavaRuntime.java:1861)
	at org.eclipse.jdt.launching.JavaRuntime.getJavaProject(JavaRuntime.java:1736)
	at org.eclipse.m2e.jdt.internal.launch.MavenLaunchConfigurationListener.updateLaunchConfiguration(MavenLaunchConfigurationListener.java:62)
	at org.eclipse.m2e.jdt.internal.launch.MavenLaunchConfigurationListener.launchConfigurationChanged(MavenLaunchConfigurationListener.java:48)
	at org.eclipse.debug.internal.core.LaunchManager$ConfigurationNotifier.run(LaunchManager.java:225)
	at org.eclipse.core.runtime.SafeRunner.run(SafeRunner.java:45)
	at org.eclipse.debug.internal.core.LaunchManager$ConfigurationNotifier.notify(LaunchManager.java:209)
	at org.eclipse.debug.internal.core.LaunchConfigurationWorkingCopy.setDirty(LaunchConfigurationWorkingCopy.java:523)
	at org.eclipse.debug.internal.core.LaunchConfigurationWorkingCopy.setAttribute(LaunchConfigurationWorkingCopy.java:411)
	at org.eclipse.m2e.jdt.internal.launch.MavenRuntimeClasspathProvider.disable(MavenRuntimeClasspathProvider.java:401)
	at org.eclipse.m2e.jdt.internal.launch.MavenRuntimeClasspathProvider.disable(MavenRuntimeClasspathProvider.java:427)
	at org.eclipse.m2e.jdt.internal.launch.MavenLaunchConfigurationListener.mavenProjectChanged(MavenLaunchConfigurationListener.java:134)
	at org.eclipse.m2e.core.internal.project.registry.ProjectRegistryManager.notifyProjectChangeListeners(ProjectRegistryManager.java:818)
	at org.eclipse.m2e.core.internal.project.registry.ProjectRegistryManager.applyMutableProjectRegistry(ProjectRegistryManager.java:985)
	at org.eclipse.m2e.core.internal.project.registry.ProjectRegistryRefreshJob.lambda$0(ProjectRegistryRefreshJob.java:148)
	at org.eclipse.m2e.core.internal.embedder.MavenExecutionContext.executeBare(MavenExecutionContext.java:182)
	at org.eclipse.m2e.core.internal.embedder.MavenExecutionContext.execute(MavenExecutionContext.java:156)
	at org.eclipse.m2e.core.internal.embedder.MavenExecutionContext.execute(MavenExecutionContext.java:103)
	at org.eclipse.m2e.core.internal.embedder.MavenImpl.execute(MavenImpl.java:1416)
	at org.eclipse.m2e.core.internal.project.registry.ProjectRegistryRefreshJob.run(ProjectRegistryRefreshJob.java:83)
	at org.eclipse.core.internal.jobs.Worker.run(Worker.java:63)
2022-03-25 15:35:04,340 [Worker-2: Updating Maven Dependencies] ERROR o.e.m.j.i.l.MavenLaunchConfigurationListener - Launch configuration PensionerDetailsMicroserviceApplication references non-existing project pensionerDetailsMicroservice.
org.eclipse.core.runtime.CoreException: Launch configuration PensionerDetailsMicroserviceApplication references non-existing project pensionerDetailsMicroservice.
	at org.eclipse.jdt.launching.JavaRuntime.abort(JavaRuntime.java:1861)
	at org.eclipse.jdt.launching.JavaRuntime.getJavaProject(JavaRuntime.java:1736)
	at org.eclipse.m2e.jdt.internal.launch.MavenLaunchConfigurationListener.updateLaunchConfiguration(MavenLaunchConfigurationListener.java:62)
	at org.eclipse.m2e.jdt.internal.launch.MavenLaunchConfigurationListener.launchConfigurationChanged(MavenLaunchConfigurationListener.java:48)
	at org.eclipse.debug.internal.core.LaunchManager$ConfigurationNotifier.run(LaunchManager.java:225)
	at org.eclipse.core.runtime.SafeRunner.run(SafeRunner.java:45)
	at org.eclipse.debug.internal.core.LaunchManager$ConfigurationNotifier.notify(LaunchManager.java:209)
	at org.eclipse.debug.internal.core.LaunchConfigurationWorkingCopy.setDirty(LaunchConfigurationWorkingCopy.java:523)
	at org.eclipse.debug.internal.core.LaunchConfigurationWorkingCopy.setAttribute(LaunchConfigurationWorkingCopy.java:411)
	at org.eclipse.m2e.jdt.internal.launch.MavenRuntimeClasspathProvider.disable(MavenRuntimeClasspathProvider.java:402)
	at org.eclipse.m2e.jdt.internal.launch.MavenRuntimeClasspathProvider.disable(MavenRuntimeClasspathProvider.java:427)
	at org.eclipse.m2e.jdt.internal.launch.MavenLaunchConfigurationListener.mavenProjectChanged(MavenLaunchConfigurationListener.java:134)
	at org.eclipse.m2e.core.internal.project.registry.ProjectRegistryManager.notifyProjectChangeListeners(ProjectRegistryManager.java:818)
	at org.eclipse.m2e.core.internal.project.registry.ProjectRegistryManager.applyMutableProjectRegistry(ProjectRegistryManager.java:985)
	at org.eclipse.m2e.core.internal.project.registry.ProjectRegistryRefreshJob.lambda$0(ProjectRegistryRefreshJob.java:148)
	at org.eclipse.m2e.core.internal.embedder.MavenExecutionContext.executeBare(MavenExecutionContext.java:182)
	at org.eclipse.m2e.core.internal.embedder.MavenExecutionContext.execute(MavenExecutionContext.java:156)
	at org.eclipse.m2e.core.internal.embedder.MavenExecutionContext.execute(MavenExecutionContext.java:103)
	at org.eclipse.m2e.core.internal.embedder.MavenImpl.execute(MavenImpl.java:1416)
	at org.eclipse.m2e.core.internal.project.registry.ProjectRegistryRefreshJob.run(ProjectRegistryRefreshJob.java:83)
	at org.eclipse.core.internal.jobs.Worker.run(Worker.java:63)
2022-03-25 15:35:04,360 [Worker-2: Updating Maven Dependencies] ERROR o.e.m.j.i.l.MavenLaunchConfigurationListener - Launch configuration PensionerDetailsMicroserviceApplication references non-existing project pensionerDetailsMicroservice.
org.eclipse.core.runtime.CoreException: Launch configuration PensionerDetailsMicroserviceApplication references non-existing project pensionerDetailsMicroservice.
	at org.eclipse.jdt.launching.JavaRuntime.abort(JavaRuntime.java:1861)
	at org.eclipse.jdt.launching.JavaRuntime.getJavaProject(JavaRuntime.java:1736)
	at org.eclipse.m2e.jdt.internal.launch.MavenLaunchConfigurationListener.updateLaunchConfiguration(MavenLaunchConfigurationListener.java:62)
	at org.eclipse.m2e.jdt.internal.launch.MavenLaunchConfigurationListener.launchConfigurationChanged(MavenLaunchConfigurationListener.java:48)
	at org.eclipse.debug.internal.core.LaunchManager$ConfigurationNotifier.run(LaunchManager.java:225)
	at org.eclipse.core.runtime.SafeRunner.run(SafeRunner.java:45)
	at org.eclipse.debug.internal.core.LaunchManager$ConfigurationNotifier.notify(LaunchManager.java:209)
	at org.eclipse.debug.internal.core.LaunchManager.launchConfigurationChanged(LaunchManager.java:2128)
	at org.eclipse.debug.internal.core.LaunchConfigurationWorkingCopy.writeNewFile(LaunchConfigurationWorkingCopy.java:376)
	at org.eclipse.debug.internal.core.LaunchConfigurationWorkingCopy.doSave0(LaunchConfigurationWorkingCopy.java:259)
	at org.eclipse.debug.internal.core.LaunchConfigurationWorkingCopy.doSave(LaunchConfigurationWorkingCopy.java:229)
	at org.eclipse.debug.internal.core.LaunchConfigurationWorkingCopy.doSave(LaunchConfigurationWorkingCopy.java:187)
	at org.eclipse.m2e.jdt.internal.launch.MavenRuntimeClasspathProvider.disable(MavenRuntimeClasspathProvider.java:403)
	at org.eclipse.m2e.jdt.internal.launch.MavenRuntimeClasspathProvider.disable(MavenRuntimeClasspathProvider.java:427)
	at org.eclipse.m2e.jdt.internal.launch.MavenLaunchConfigurationListener.mavenProjectChanged(MavenLaunchConfigurationListener.java:134)
	at org.eclipse.m2e.core.internal.project.registry.ProjectRegistryManager.notifyProjectChangeListeners(ProjectRegistryManager.java:818)
	at org.eclipse.m2e.core.internal.project.registry.ProjectRegistryManager.applyMutableProjectRegistry(ProjectRegistryManager.java:985)
	at org.eclipse.m2e.core.internal.project.registry.ProjectRegistryRefreshJob.lambda$0(ProjectRegistryRefreshJob.java:148)
	at org.eclipse.m2e.core.internal.embedder.MavenExecutionContext.executeBare(MavenExecutionContext.java:182)
	at org.eclipse.m2e.core.internal.embedder.MavenExecutionContext.execute(MavenExecutionContext.java:156)
	at org.eclipse.m2e.core.internal.embedder.MavenExecutionContext.execute(MavenExecutionContext.java:103)
	at org.eclipse.m2e.core.internal.embedder.MavenImpl.execute(MavenImpl.java:1416)
	at org.eclipse.m2e.core.internal.project.registry.ProjectRegistryRefreshJob.run(ProjectRegistryRefreshJob.java:83)
	at org.eclipse.core.internal.jobs.Worker.run(Worker.java:63)
2022-03-25 15:36:46,592 [Worker-23: Importing Maven projects] INFO  o.e.m.c.i.l.LifecycleMappingFactory - Using org.eclipse.m2e.jdt.JarLifecycleMapping lifecycle mapping for MavenProject: com:pensionerDetailsMicroservice:0.0.1-SNAPSHOT @ C:\Users\Sai\Desktop\pms-final\pms-project\backend\pensionerDetailsMicroservice\pom.xml.
2022-03-25 15:36:49,500 [Worker-23: Importing Maven projects] INFO  o.e.m.j.i.AbstractJavaProjectConfigurator - Adding source folder /pensionerDetailsMicroservice/src/main/java
2022-03-25 15:36:49,502 [Worker-23: Importing Maven projects] INFO  o.e.m.j.i.AbstractJavaProjectConfigurator - Adding resource folder /pensionerDetailsMicroservice/src/main/resources
2022-03-25 15:36:49,504 [Worker-23: Importing Maven projects] INFO  o.e.m.j.i.AbstractJavaProjectConfigurator - Adding resource folder /pensionerDetailsMicroservice/src/main/resources
2022-03-25 15:36:49,506 [Worker-23: Importing Maven projects] INFO  o.e.m.j.i.AbstractJavaProjectConfigurator - Adding source folder /pensionerDetailsMicroservice/src/test/java
2022-03-25 15:36:50,458 [Worker-23: Importing Maven projects] INFO  o.e.m.c.i.p.ProjectConfigurationManager - Imported and configured 1 project(s) in 5 sec
2022-03-25 15:36:53,414 [Worker-23: Building] INFO  o.e.m.c.i.embedder.EclipseLogger - Using 'UTF-8' encoding to copy filtered resources.
2022-03-25 15:36:53,415 [Worker-23: Building] INFO  o.e.m.c.i.embedder.EclipseLogger - Using 'UTF-8' encoding to copy filtered properties files.
2022-03-25 15:36:53,416 [Worker-23: Building] INFO  o.e.m.c.i.embedder.EclipseLogger - Copying 1 resource
2022-03-25 15:36:53,475 [Worker-23: Building] INFO  o.e.m.c.i.embedder.EclipseLogger - Copying 1 resource
2022-03-25 15:36:53,505 [Worker-23: Building] INFO  o.e.m.c.i.embedder.EclipseLogger - Using 'UTF-8' encoding to copy filtered resources.
2022-03-25 15:36:53,505 [Worker-23: Building] INFO  o.e.m.c.i.embedder.EclipseLogger - Using 'UTF-8' encoding to copy filtered properties files.
2022-03-25 15:36:53,506 [Worker-23: Building] INFO  o.e.m.c.i.embedder.EclipseLogger - skip non existing resourceDirectory C:\Users\Sai\Desktop\pms-final\pms-project\backend\pensionerDetailsMicroservice\src\test\resources
2022-03-25 15:38:51,801 [Worker-26: Launching PensionerDetailsMicroserviceApplication] INFO  o.e.m.c.i.l.LifecycleMappingFactory - Using org.eclipse.m2e.jdt.JarLifecycleMapping lifecycle mapping for MavenProject: com:pensionerDetailsMicroservice:0.0.1-SNAPSHOT @ C:\Users\Sai\Desktop\pms-final\pms-project\backend\pensionerDetailsMicroservice\pom.xml.
2022-03-25 15:38:52,899 [Worker-26: Launching PensionerDetailsMicroserviceApplication] INFO  o.e.m.c.i.embedder.EclipseLogger - Using 'UTF-8' encoding to copy filtered resources.
2022-03-25 15:38:52,900 [Worker-26: Launching PensionerDetailsMicroserviceApplication] INFO  o.e.m.c.i.embedder.EclipseLogger - Using 'UTF-8' encoding to copy filtered properties files.
2022-03-25 15:38:52,913 [Worker-26: Launching PensionerDetailsMicroserviceApplication] INFO  o.e.m.c.i.embedder.EclipseLogger - Copying 1 resource
2022-03-25 15:38:52,939 [Worker-26: Launching PensionerDetailsMicroserviceApplication] INFO  o.e.m.c.i.embedder.EclipseLogger - Copying 1 resource
2022-03-25 15:38:52,945 [Worker-26: Launching PensionerDetailsMicroserviceApplication] INFO  o.e.m.c.i.embedder.EclipseLogger - Using 'UTF-8' encoding to copy filtered resources.
2022-03-25 15:38:52,945 [Worker-26: Launching PensionerDetailsMicroserviceApplication] INFO  o.e.m.c.i.embedder.EclipseLogger - Using 'UTF-8' encoding to copy filtered properties files.
2022-03-25 15:38:52,945 [Worker-26: Launching PensionerDetailsMicroserviceApplication] INFO  o.e.m.c.i.embedder.EclipseLogger - skip non existing resourceDirectory C:\Users\Sai\Desktop\pms-final\pms-project\backend\pensionerDetailsMicroservice\src\test\resources
2022-03-25 15:38:54,496 [Worker-23: Building] INFO  o.e.m.c.i.embedder.EclipseLogger - Using 'UTF-8' encoding to copy filtered resources.
2022-03-25 15:38:54,497 [Worker-23: Building] INFO  o.e.m.c.i.embedder.EclipseLogger - Using 'UTF-8' encoding to copy filtered properties files.
2022-03-25 15:38:54,498 [Worker-23: Building] INFO  o.e.m.c.i.embedder.EclipseLogger - Copying 1 resource
2022-03-25 15:38:54,504 [Worker-23: Building] INFO  o.e.m.c.i.embedder.EclipseLogger - Copying 1 resource
2022-03-25 15:38:54,512 [Worker-23: Building] INFO  o.e.m.c.i.embedder.EclipseLogger - Using 'UTF-8' encoding to copy filtered resources.
2022-03-25 15:38:54,513 [Worker-23: Building] INFO  o.e.m.c.i.embedder.EclipseLogger - Using 'UTF-8' encoding to copy filtered properties files.
2022-03-25 15:38:54,513 [Worker-23: Building] INFO  o.e.m.c.i.embedder.EclipseLogger - skip non existing resourceDirectory C:\Users\Sai\Desktop\pms-final\pms-project\backend\pensionerDetailsMicroservice\src\test\resources
2022-03-25 16:06:21,466 [Worker-3: Loading available Gradle versions] INFO  o.e.b.c.i.u.g.PublishedGradleVersions - Gradle version information cache is up-to-date. Trying to read.
2022-04-19 16:15:16,308 [Worker-4: Loading available Gradle versions] INFO  o.e.b.c.i.u.g.PublishedGradleVersions - Gradle version information cache is out-of-date. Trying to update.
2022-04-21 10:34:39,485 [Worker-1: Loading available Gradle versions] INFO  o.e.b.c.i.u.g.PublishedGradleVersions - Gradle version information cache is out-of-date. Trying to update.
2022-04-21 10:36:44,827 [Worker-20: Launching AuthorizationMicroserviceApplication] INFO  o.e.m.c.i.embedder.EclipseLogger - Using 'UTF-8' encoding to copy filtered resources.
2022-04-21 10:36:44,830 [Worker-20: Launching AuthorizationMicroserviceApplication] INFO  o.e.m.c.i.embedder.EclipseLogger - Using 'UTF-8' encoding to copy filtered properties files.
2022-04-21 10:36:44,838 [Worker-20: Launching AuthorizationMicroserviceApplication] INFO  o.e.m.c.i.embedder.EclipseLogger - Copying 1 resource
2022-04-21 10:36:44,894 [Worker-20: Launching AuthorizationMicroserviceApplication] INFO  o.e.m.c.i.embedder.EclipseLogger - Copying 3 resources
2022-04-21 10:36:44,947 [Worker-20: Launching AuthorizationMicroserviceApplication] INFO  o.e.m.c.i.embedder.EclipseLogger - Using 'UTF-8' encoding to copy filtered resources.
2022-04-21 10:36:44,947 [Worker-20: Launching AuthorizationMicroserviceApplication] INFO  o.e.m.c.i.embedder.EclipseLogger - Using 'UTF-8' encoding to copy filtered properties files.
2022-04-21 10:36:44,947 [Worker-20: Launching AuthorizationMicroserviceApplication] INFO  o.e.m.c.i.embedder.EclipseLogger - skip non existing resourceDirectory C:\Users\Sai\Desktop\pms-final\pms-project\backend\AuthorizationMicroservice\src\test\resources
2022-04-21 10:36:54,181 [Worker-21: Building] INFO  o.e.m.c.i.embedder.EclipseLogger - Using 'UTF-8' encoding to copy filtered resources.
2022-04-21 10:36:54,182 [Worker-21: Building] INFO  o.e.m.c.i.embedder.EclipseLogger - Using 'UTF-8' encoding to copy filtered properties files.
2022-04-21 10:36:54,184 [Worker-21: Building] INFO  o.e.m.c.i.embedder.EclipseLogger - Copying 1 resource
2022-04-21 10:36:54,206 [Worker-21: Building] INFO  o.e.m.c.i.embedder.EclipseLogger - Copying 1 resource
2022-04-21 10:36:54,231 [Worker-21: Building] INFO  o.e.m.c.i.embedder.EclipseLogger - Using 'UTF-8' encoding to copy filtered resources.
2022-04-21 10:36:54,231 [Worker-21: Building] INFO  o.e.m.c.i.embedder.EclipseLogger - Using 'UTF-8' encoding to copy filtered properties files.
2022-04-21 10:36:54,232 [Worker-21: Building] INFO  o.e.m.c.i.embedder.EclipseLogger - skip non existing resourceDirectory C:\Users\Sai\Desktop\pms-final\pms-project\backend\pensionerDetailsMicroservice\src\test\resources
2022-04-21 10:36:57,963 [Worker-21: Building] INFO  o.e.m.c.i.embedder.EclipseLogger - Using 'UTF-8' encoding to copy filtered resources.
2022-04-21 10:36:57,964 [Worker-21: Building] INFO  o.e.m.c.i.embedder.EclipseLogger - Using 'UTF-8' encoding to copy filtered properties files.
2022-04-21 10:36:57,965 [Worker-21: Building] INFO  o.e.m.c.i.embedder.EclipseLogger - Copying 1 resource
2022-04-21 10:36:57,971 [Worker-21: Building] INFO  o.e.m.c.i.embedder.EclipseLogger - Copying 1 resource
2022-04-21 10:36:57,987 [Worker-21: Building] INFO  o.e.m.c.i.embedder.EclipseLogger - Using 'UTF-8' encoding to copy filtered resources.
2022-04-21 10:36:57,988 [Worker-21: Building] INFO  o.e.m.c.i.embedder.EclipseLogger - Using 'UTF-8' encoding to copy filtered properties files.
2022-04-21 10:36:57,988 [Worker-21: Building] INFO  o.e.m.c.i.embedder.EclipseLogger - skip non existing resourceDirectory C:\Users\Sai\Desktop\pms-final\pms-project\backend\pensionerDisbursementMicroservice\src\test\resources
2022-04-21 10:37:00,825 [Worker-21: Building] INFO  o.e.m.c.i.embedder.EclipseLogger - Using 'UTF-8' encoding to copy filtered resources.
2022-04-21 10:37:00,826 [Worker-21: Building] INFO  o.e.m.c.i.embedder.EclipseLogger - Using 'UTF-8' encoding to copy filtered properties files.
2022-04-21 10:37:00,827 [Worker-21: Building] INFO  o.e.m.c.i.embedder.EclipseLogger - Copying 1 resource
2022-04-21 10:37:00,848 [Worker-21: Building] INFO  o.e.m.c.i.embedder.EclipseLogger - Copying 1 resource
2022-04-21 10:37:00,863 [Worker-21: Building] INFO  o.e.m.c.i.embedder.EclipseLogger - Using 'UTF-8' encoding to copy filtered resources.
2022-04-21 10:37:00,864 [Worker-21: Building] INFO  o.e.m.c.i.embedder.EclipseLogger - Using 'UTF-8' encoding to copy filtered properties files.
2022-04-21 10:37:00,865 [Worker-21: Building] INFO  o.e.m.c.i.embedder.EclipseLogger - skip non existing resourceDirectory C:\Users\Sai\Desktop\pms-final\pms-project\backend\processPensionMicroservice\src\test\resources
